android/app/build/intermediates/manifest_merge_blame_file/debug/manifest-merger-blame-debug-report.txt
1<?xml version="1.0" encoding="utf-8"?>
2<manifest xmlns:android="http://schemas.android.com/apk/res/android"
3    package="com.nda"
4    android:versionCode="1"
5    android:versionName="1.0" >
6
7    <uses-sdk
8        android:minSdkVersion="21"
9        android:targetSdkVersion="29" />
10
11    <uses-permission android:name="android.permission.SYSTEM_ALERT_WINDOW" />
11-->src\debug\AndroidManifest.xml:5:5-77
11-->src\debug\AndroidManifest.xml:5:22-75
12    <uses-permission android:name="android.permission.INTERNET" />
12-->src\main\AndroidManifest.xml:4:5-67
12-->src\main\AndroidManifest.xml:4:22-64
13    <uses-permission android:name="android.permission.ACCESS_WIFI_STATE" />
13-->[com.facebook.flipper:flipper:0.54.0] AndroidManifest.xml:16:5-76
13-->[com.facebook.flipper:flipper:0.54.0] AndroidManifest.xml:16:22-73
14    <uses-permission android:name="android.permission.ACCESS_NETWORK_STATE" />
14-->[com.braintreepayments.api:braintree:3.14.1] AndroidManifest.xml:13:5-79
14-->[com.braintreepayments.api:braintree:3.14.1] AndroidManifest.xml:13:22-76
15
16    <queries>
16-->[com.braintreepayments:browser-switch:1.1.2] AndroidManifest.xml:11:5-19:15
17        <intent>
17-->[com.braintreepayments:browser-switch:1.1.2] AndroidManifest.xml:12:9-18:18
18            <action android:name="android.intent.action.VIEW" />
18-->[:react-native-paypal] AndroidManifest.xml:19:17-69
18-->[:react-native-paypal] AndroidManifest.xml:19:25-66
19
20            <category android:name="android.intent.category.BROWSABLE" />
20-->[:react-native-paypal] AndroidManifest.xml:22:17-78
20-->[:react-native-paypal] AndroidManifest.xml:22:27-75
21
22            <data android:scheme="https" />
22-->[:react-native-paypal] AndroidManifest.xml:24:17-69
22-->[:react-native-paypal] AndroidManifest.xml:24:23-66
23        </intent>
24    </queries>
25
26    <application
26-->src\main\AndroidManifest.xml:6:5-25:19
27        android:name="com.nda.MainApplication"
27-->src\main\AndroidManifest.xml:7:7-38
28        android:allowBackup="false"
28-->src\main\AndroidManifest.xml:11:7-34
29        android:appComponentFactory="androidx.core.app.CoreComponentFactory"
29-->[androidx.core:core:1.1.0] AndroidManifest.xml:24:18-86
30        android:debuggable="true"
31        android:icon="@mipmap/ic_launcher"
31-->src\main\AndroidManifest.xml:9:7-41
32        android:label="@string/app_name"
32-->src\main\AndroidManifest.xml:8:7-39
33        android:roundIcon="@mipmap/ic_launcher_round"
33-->src\main\AndroidManifest.xml:10:7-52
34        android:theme="@style/AppTheme"
34-->src\main\AndroidManifest.xml:12:7-38
35        android:usesCleartextTraffic="true" >
35-->src\debug\AndroidManifest.xml:7:18-53
36        <activity
36-->src\main\AndroidManifest.xml:13:7-23:18
37            android:name="com.nda.MainActivity"
37-->src\main\AndroidManifest.xml:14:9-37
38            android:configChanges="keyboard|keyboardHidden|orientation|screenSize|uiMode"
38-->src\main\AndroidManifest.xml:16:9-86
39            android:label="@string/app_name"
39-->src\main\AndroidManifest.xml:15:9-41
40            android:launchMode="singleTask"
40-->src\main\AndroidManifest.xml:17:9-40
41            android:windowSoftInputMode="adjustResize" >
41-->src\main\AndroidManifest.xml:18:9-51
42            <intent-filter>
42-->src\main\AndroidManifest.xml:19:9-22:25
43                <action android:name="android.intent.action.MAIN" />
43-->src\main\AndroidManifest.xml:20:13-65
43-->src\main\AndroidManifest.xml:20:21-62
44
45                <category android:name="android.intent.category.LAUNCHER" />
45-->src\main\AndroidManifest.xml:21:13-73
45-->src\main\AndroidManifest.xml:21:23-70
46            </intent-filter>
47        </activity>
48        <activity android:name="com.facebook.react.devsupport.DevSettingsActivity" />
48-->src\main\AndroidManifest.xml:24:7-84
48-->src\main\AndroidManifest.xml:24:17-81
49        <activity
49-->[:react-native-paypal] AndroidManifest.xml:14:9-26:20
50            android:name="com.braintreepayments.api.BraintreeBrowserSwitchActivity"
50-->[:react-native-paypal] AndroidManifest.xml:15:13-84
51            android:launchMode="singleTask"
51-->[:react-native-paypal] AndroidManifest.xml:16:13-44
52            android:theme="@android:style/Theme.Translucent.NoTitleBar" >
52-->[:react-native-paypal] AndroidManifest.xml:17:13-72
53            <intent-filter>
53-->[:react-native-paypal] AndroidManifest.xml:18:13-25:29
54                <action android:name="android.intent.action.VIEW" />
54-->[:react-native-paypal] AndroidManifest.xml:19:17-69
54-->[:react-native-paypal] AndroidManifest.xml:19:25-66
55
56                <category android:name="android.intent.category.DEFAULT" />
56-->[:react-native-paypal] AndroidManifest.xml:21:17-76
56-->[:react-native-paypal] AndroidManifest.xml:21:27-73
57                <category android:name="android.intent.category.BROWSABLE" />
57-->[:react-native-paypal] AndroidManifest.xml:22:17-78
57-->[:react-native-paypal] AndroidManifest.xml:22:27-75
58
59                <data android:scheme="com.nda.braintree" />
59-->[:react-native-paypal] AndroidManifest.xml:24:17-69
59-->[:react-native-paypal] AndroidManifest.xml:24:23-66
60            </intent-filter>
61        </activity>
62
63        <service android:name="com.braintreepayments.api.internal.AnalyticsIntentService" />
63-->[com.braintreepayments.api:braintree:3.14.1] AndroidManifest.xml:17:9-93
63-->[com.braintreepayments.api:braintree:3.14.1] AndroidManifest.xml:17:18-90
64
65        <activity android:name="com.braintreepayments.api.ThreeDSecureActivity" />
65-->[com.braintreepayments.api:braintree:3.14.1] AndroidManifest.xml:19:9-83
65-->[com.braintreepayments.api:braintree:3.14.1] AndroidManifest.xml:19:19-80
66        <activity
66-->[com.braintreepayments.api:google-payment:3.3.1] AndroidManifest.xml:12:9-14:62
67            android:name="com.braintreepayments.api.GooglePaymentActivity"
67-->[com.braintreepayments.api:google-payment:3.3.1] AndroidManifest.xml:13:13-75
68            android:theme="@style/bt_transparent_activity" />
68-->[com.braintreepayments.api:google-payment:3.3.1] AndroidManifest.xml:14:13-59
69    </application>
70
71</manifest>